<?xml version="1.0" encoding="UTF-8"?>
<!-- Generated by org.testng.reporters.JUnitReportReporter -->
<testsuite hostname="BLRWX21759" failures="0" tests="1" name="australia_project.Login" time="12.709" errors="0" timestamp="18 Mar 2020 16:20:16 GMT" skipped="0">
  <testcase classname="australia_project.Login" name="login" time="12.709"/>
</testsuite> <!-- australia_project.Login -->
