<?xml version="1.0" encoding="UTF-8"?>
<!-- Generated by org.testng.reporters.JUnitReportReporter -->
<testsuite hostname="BLRWX21759" failures="0" tests="1" name="australia_project.SalesforceFrame" time="17.762" errors="0" timestamp="19 Mar 2020 06:18:45 GMT" skipped="0">
  <testcase classname="australia_project.SalesforceFrame" name="account" time="17.762"/>
</testsuite> <!-- australia_project.SalesforceFrame -->
